<?xml version="1.0" encoding="UTF-8"?>
<testng-results skipped="0" failed="0" ignored="0" total="1" passed="1">
  <reporter-output>
    <line>
      <![CDATA[<div "result">I logged into suiteCRM (PASSED : 5s)</div>]]>
    </line>
    <line>
      <![CDATA[<div "result">CRM name should be SuiteCRM (PASSED : 0s)</div>]]>
    </line>
    <line>
      <![CDATA[<div "result">Modules should be displayed (PASSED : 0s)</div>]]>
    </line>
    <line>
      <![CDATA[<div "result">I logout from application (PASSED : 2s)</div>]]>
    </line>
  </reporter-output>
  <suite name="Default suite" duration-ms="13049" started-at="2018-04-06T19:50:15Z" finished-at="2018-04-06T19:50:28Z">
    <groups>
      <group name="cucumber">
        <method signature="AbstractTestNGCucumberTests.runScenario(cucumber.api.testng.PickleEventWrapper, cucumber.api.testng.CucumberFeatureWrapper)[pri:0, instance:com.app.runners.CukesRunner@5702b3b1]" name="runScenario" class="cucumber.api.testng.AbstractTestNGCucumberTests"/>
      </group> <!-- cucumber -->
    </groups>
    <test name="Default test" duration-ms="13049" started-at="2018-04-06T19:50:15Z" finished-at="2018-04-06T19:50:28Z">
      <class name="com.app.runners.CukesRunner">
        <test-method status="PASS" signature="setUpClass()[pri:0, instance:com.app.runners.CukesRunner@5702b3b1]" name="setUpClass" is-config="true" duration-ms="154" started-at="2018-04-06T19:50:15Z" finished-at="2018-04-06T19:50:15Z">
          <reporter-output>
          </reporter-output>
        </test-method> <!-- setUpClass -->
        <test-method status="PASS" signature="runScenario(cucumber.api.testng.PickleEventWrapper, cucumber.api.testng.CucumberFeatureWrapper)[pri:0, instance:com.app.runners.CukesRunner@5702b3b1]" name="runScenario" duration-ms="12779" started-at="2018-04-06T19:50:15Z" description="Runs Cucumber Scenarios" data-provider="scenarios" finished-at="2018-04-06T19:50:28Z">
          <params>
            <param index="0">
              <value>
                <![CDATA["CRM Name and Modules"]]>
              </value>
            </param>
            <param index="1">
              <value>
                <![CDATA["User Interface for SuiteCRM"]]>
              </value>
            </param>
          </params>
          <reporter-output>
            <line>
              <![CDATA[<div "result">I logged into suiteCRM (PASSED : 5s)</div>]]>
            </line>
            <line>
              <![CDATA[<div "result">CRM name should be SuiteCRM (PASSED : 0s)</div>]]>
            </line>
            <line>
              <![CDATA[<div "result">Modules should be displayed (PASSED : 0s)</div>]]>
            </line>
            <line>
              <![CDATA[<div "result">I logout from application (PASSED : 2s)</div>]]>
            </line>
          </reporter-output>
        </test-method> <!-- runScenario -->
        <test-method status="PASS" signature="tearDownClass()[pri:0, instance:com.app.runners.CukesRunner@5702b3b1]" name="tearDownClass" is-config="true" duration-ms="53" started-at="2018-04-06T19:50:28Z" finished-at="2018-04-06T19:50:28Z">
          <reporter-output>
          </reporter-output>
        </test-method> <!-- tearDownClass -->
      </class> <!-- com.app.runners.CukesRunner -->
    </test> <!-- Default test -->
  </suite> <!-- Default suite -->
</testng-results>
